<?xml version="1.0" encoding="UTF-8"?>
<testsuite xmlns:xsi="http://www.w3.org/2001/XMLSchema-instance" xsi:noNamespaceSchemaLocation="https://maven.apache.org/surefire/maven-surefire-plugin/xsd/surefire-test-report-3.0.xsd" version="3.0" name="oop.BookList.App_Test" time="0.122" tests="3" errors="0" skipped="0" failures="0">
  <properties>
[...]
</properties>
  <testcase name="testSaveTableData" classname="oop.BookList.App_Test" time="0.106"/>
  <testcase name="testGetTableData" classname="oop.BookList.App_Test" time="0.0"/>
  <testcase name="testLoadTableData" classname="oop.BookList.App_Test" time="0.002"/>
</testsuite>